<?xml version="1.0" encoding="UTF-8"?>
<testsuite xmlns:xsi="http://www.w3.org/2001/XMLSchema-instance" xsi:noNamespaceSchemaLocation="https://maven.apache.org/surefire/maven-surefire-plugin/xsd/surefire-test-report-3.0.xsd" version="3.0" name="org.bpmnflow.parser.BpmnPropertiesLoaderTest" time="0.206" tests="6" errors="0" skipped="0" failures="0">
  <properties>
[...]
</properties>
  <testcase name="givenEmptyConfig_whenAnyGet_thenReturnsAbsentWithoutNPE" classname="org.bpmnflow.parser.BpmnPropertiesLoaderTest" time="0.134">
    <system-err><![CDATA[abr. 01, 2026 11:32:38 AM org.bpmnflow.parser.BpmnPropertiesLoader getPropertiesForType
WARNING: Element type 'task' not found in config — property 'stage' treated as not required.
abr. 01, 2026 11:32:38 AM org.bpmnflow.parser.BpmnPropertiesLoader getPropertiesForType
WARNING: Element type 'participant' not found in config — property 'name' treated as not required.
abr. 01, 2026 11:32:38 AM org.bpmnflow.parser.BpmnPropertiesLoader getPropertiesForType
WARNING: Element type 'process' not found in config — property 'id' treated as not required.
abr. 01, 2026 11:32:38 AM org.bpmnflow.parser.BpmnPropertiesLoader getPropertiesForType
WARNING: Element type 'lane' not found in config — property 'stage' treated as not required.
abr. 01, 2026 11:32:38 AM org.bpmnflow.parser.BpmnPropertiesLoader getPropertiesForType
WARNING: Element type 'startEvent' not found in config — property 'process_status' treated as not required.
abr. 01, 2026 11:32:38 AM org.bpmnflow.parser.BpmnPropertiesLoader getPropertiesForType
WARNING: Element type 'endEvent' not found in config — property 'process_status' treated as not required.
abr. 01, 2026 11:32:38 AM org.bpmnflow.parser.BpmnPropertiesLoader getPropertiesForType
WARNING: Element type 'sequenceFlow' not found in config — property 'conclusion' treated as not required.
]]></system-err>
  </testcase>
  <testcase name="givenExistingOptionalProperty_whenGet_thenIsRequiredFalse" classname="org.bpmnflow.parser.BpmnPropertiesLoaderTest" time="0.01"/>
  <testcase name="givenTwoMissingProperties_whenGet_thenSameAbsentInstance" classname="org.bpmnflow.parser.BpmnPropertiesLoaderTest" time="0.005">
    <system-err><![CDATA[abr. 01, 2026 11:32:38 AM org.bpmnflow.parser.BpmnPropertiesLoader getPropertiesForType
WARNING: Element type 'lane' not found in config — property 'inexistente_b' treated as not required.
]]></system-err>
  </testcase>
  <testcase name="givenMissingElementType_whenGet_thenReturnsAbsentWithoutNPE" classname="org.bpmnflow.parser.BpmnPropertiesLoaderTest" time="0.007">
    <system-err><![CDATA[abr. 01, 2026 11:32:38 AM org.bpmnflow.parser.BpmnPropertiesLoader getPropertiesForType
WARNING: Element type 'lane' not found in config — property 'stage' treated as not required.
]]></system-err>
  </testcase>
  <testcase name="givenMissingProperty_whenGet_thenReturnsAbsentWithoutNPE" classname="org.bpmnflow.parser.BpmnPropertiesLoaderTest" time="0.008"/>
  <testcase name="givenExistingRequiredProperty_whenGet_thenIsRequiredTrue" classname="org.bpmnflow.parser.BpmnPropertiesLoaderTest" time="0.007"/>
</testsuite>